2026-01-29 14:18:38 | core.exchange.huobi_executor | INFO     | toggle_live:133 | Live trading DISABLED
2026-01-29 14:22:53 | core.exchange.huobi_executor | INFO     | toggle_live:133 | Live trading DISABLED
2026-01-29 14:25:39 | core.exchange.huobi_executor | INFO     | toggle_live:133 | Live trading DISABLED
2026-01-29 14:26:29 | core.exchange.huobi_executor | INFO     | toggle_live:133 | Live trading DISABLED
2026-01-29 14:27:05 | core.exchange.huobi_executor | INFO     | toggle_live:133 | Live trading DISABLED
2026-01-29 14:27:19 | core.exchange.huobi_executor | INFO     | toggle_live:133 | Live trading DISABLED
2026-01-29 14:32:11 | core.exchange.huobi_executor | INFO     | toggle_live:133 | Live trading DISABLED
2026-01-29 14:32:26 | core.exchange.huobi_executor | INFO     | toggle_live:133 | Live trading DISABLED
2026-01-29 14:32:28 | core.exchange.huobi_executor | INFO     | toggle_live:133 | Live trading ENABLED
2026-01-29 14:32:29 | core.exchange.huobi_executor | INFO     | toggle_live:133 | Live trading DISABLED
2026-01-29 14:32:31 | core.exchange.huobi_executor | INFO     | toggle_live:133 | Live trading ENABLED
2026-01-29 14:32:34 | core.exchange.huobi_executor | INFO     | toggle_live:133 | Live trading DISABLED
2026-01-29 14:37:03 | core.exchange.huobi_executor | INFO     | toggle_live:133 | Live trading DISABLED
2026-01-29 14:37:29 | core.exchange.huobi_executor | INFO     | toggle_live:133 | Live trading DISABLED
2026-01-29 14:37:46 | core.exchange.huobi_executor | INFO     | toggle_live:133 | Live trading DISABLED
2026-01-29 14:37:46 | core.exchange.huobi_executor | INFO     | toggle_live:133 | Live trading DISABLED
2026-01-29 14:37:48 | core.exchange.huobi_executor | INFO     | toggle_live:133 | Live trading DISABLED
2026-01-29 14:37:49 | core.exchange.huobi_executor | INFO     | toggle_live:133 | Live trading DISABLED
2026-01-29 14:37:50 | core.exchange.huobi_executor | INFO     | toggle_live:133 | Live trading DISABLED
2026-01-29 14:37:54 | core.exchange.huobi_executor | INFO     | toggle_live:133 | Live trading DISABLED
2026-01-29 14:46:53 | core.exchange.huobi_executor | INFO     | toggle_live:133 | Live trading DISABLED
2026-01-29 14:49:33 | core.exchange.huobi_executor | INFO     | toggle_live:133 | Live trading DISABLED
2026-01-29 14:49:42 | core.exchange.huobi_executor | INFO     | toggle_live:133 | Live trading DISABLED
2026-01-29 14:55:57 | core.exchange.huobi_executor | INFO     | toggle_live:133 | Live trading DISABLED
2026-01-29 15:01:12 | core.exchange.huobi_executor | INFO     | toggle_live:133 | Live trading DISABLED
2026-01-29 15:01:13 | web.components.timeframe_screen | ERROR    | render:46 | Kline fetch failed for 15m: module 'ccxt' has no attribute 'huobipro'
2026-01-29 15:01:25 | core.exchange.huobi_executor | INFO     | toggle_live:133 | Live trading DISABLED
2026-01-29 15:01:25 | core.exchange.huobi_executor | INFO     | toggle_live:133 | Live trading DISABLED
2026-01-29 15:10:41 | core.exchange.huobi_executor | INFO     | toggle_live:133 | Live trading DISABLED
2026-01-29 15:10:41 | web.components.timeframe_screen | ERROR    | render:46 | Kline fetch failed for 15m: module 'ccxt' has no attribute 'huobipro'
2026-01-29 15:10:48 | core.exchange.huobi_executor | INFO     | toggle_live:133 | Live trading DISABLED
2026-01-29 15:10:48 | core.exchange.huobi_executor | INFO     | toggle_live:133 | Live trading DISABLED
2026-01-29 15:10:48 | web.components.timeframe_screen | ERROR    | render:46 | Kline fetch failed for 15m: module 'ccxt' has no attribute 'huobipro'
2026-01-29 15:10:49 | web.components.timeframe_screen | ERROR    | render:46 | Kline fetch failed for 15m: module 'ccxt' has no attribute 'huobipro'
2026-01-29 15:10:58 | core.exchange.huobi_executor | INFO     | toggle_live:133 | Live trading DISABLED
2026-01-29 15:10:59 | core.exchange.huobi_executor | INFO     | toggle_live:133 | Live trading DISABLED
2026-01-29 15:10:59 | web.components.timeframe_screen | ERROR    | render:46 | Kline fetch failed for 15m: module 'ccxt' has no attribute 'huobipro'
2026-01-29 15:11:03 | core.exchange.huobi_executor | INFO     | toggle_live:133 | Live trading DISABLED
2026-01-29 15:11:03 | core.exchange.huobi_executor | INFO     | toggle_live:133 | Live trading DISABLED
2026-01-29 15:11:03 | web.components.timeframe_screen | ERROR    | render:46 | Kline fetch failed for 15m: module 'ccxt' has no attribute 'huobipro'
2026-01-29 15:11:04 | web.components.timeframe_screen | ERROR    | render:46 | Kline fetch failed for 15m: module 'ccxt' has no attribute 'huobipro'
2026-01-29 15:11:06 | core.exchange.huobi_executor | INFO     | toggle_live:133 | Live trading DISABLED
2026-01-29 15:11:06 | core.exchange.huobi_executor | INFO     | toggle_live:133 | Live trading DISABLED
2026-01-29 15:11:06 | web.components.timeframe_screen | ERROR    | render:46 | Kline fetch failed for 15m: module 'ccxt' has no attribute 'huobipro'
2026-01-29 15:11:06 | web.components.timeframe_screen | ERROR    | render:46 | Kline fetch failed for 15m: module 'ccxt' has no attribute 'huobipro'
2026-01-29 15:11:06 | web.components.timeframe_screen | ERROR    | render:46 | Kline fetch failed for 15m: module 'ccxt' has no attribute 'huobipro'
2026-01-29 15:11:09 | core.exchange.huobi_executor | INFO     | toggle_live:133 | Live trading DISABLED
2026-01-29 15:11:09 | core.exchange.huobi_executor | INFO     | toggle_live:133 | Live trading DISABLED
2026-01-29 15:11:09 | web.components.timeframe_screen | ERROR    | render:46 | Kline fetch failed for 15m: module 'ccxt' has no attribute 'huobipro'
2026-01-29 15:11:09 | web.components.timeframe_screen | ERROR    | render:46 | Kline fetch failed for 15m: module 'ccxt' has no attribute 'huobipro'
2026-01-29 15:11:09 | web.components.timeframe_screen | ERROR    | render:46 | Kline fetch failed for 15m: module 'ccxt' has no attribute 'huobipro'
2026-01-29 15:11:09 | web.components.timeframe_screen | ERROR    | render:46 | Kline fetch failed for 15m: module 'ccxt' has no attribute 'huobipro'
2026-01-29 15:11:11 | core.exchange.huobi_executor | INFO     | toggle_live:133 | Live trading DISABLED
2026-01-29 15:11:11 | core.exchange.huobi_executor | INFO     | toggle_live:133 | Live trading DISABLED
2026-01-29 15:11:11 | web.components.timeframe_screen | ERROR    | render:46 | Kline fetch failed for 15m: module 'ccxt' has no attribute 'huobipro'
2026-01-29 15:11:12 | web.components.timeframe_screen | ERROR    | render:46 | Kline fetch failed for 15m: module 'ccxt' has no attribute 'huobipro'
2026-01-29 15:11:12 | web.components.timeframe_screen | ERROR    | render:46 | Kline fetch failed for 15m: module 'ccxt' has no attribute 'huobipro'
2026-01-29 15:11:12 | web.components.timeframe_screen | ERROR    | render:46 | Kline fetch failed for 15m: module 'ccxt' has no attribute 'huobipro'
2026-01-29 15:11:12 | web.components.timeframe_screen | ERROR    | render:46 | Kline fetch failed for 15m: module 'ccxt' has no attribute 'huobipro'
2026-01-29 15:15:54 | core.exchange.huobi_executor | INFO     | toggle_live:133 | Live trading DISABLED
2026-01-29 15:15:54 | core.exchange.huobi_executor | INFO     | toggle_live:133 | Live trading DISABLED
2026-01-29 15:15:55 | web.components.timeframe_screen | ERROR    | render:46 | Kline fetch failed for 15m: module 'ccxt' has no attribute 'huobipro'
2026-01-29 15:15:55 | web.components.timeframe_screen | ERROR    | render:46 | Kline fetch failed for 15m: module 'ccxt' has no attribute 'huobipro'
2026-01-29 15:15:55 | web.components.timeframe_screen | ERROR    | render:46 | Kline fetch failed for 15m: module 'ccxt' has no attribute 'huobipro'
2026-01-29 15:15:55 | web.components.timeframe_screen | ERROR    | render:46 | Kline fetch failed for 15m: module 'ccxt' has no attribute 'huobipro'
2026-01-29 15:15:55 | web.components.timeframe_screen | ERROR    | render:46 | Kline fetch failed for 15m: module 'ccxt' has no attribute 'huobipro'
2026-01-29 15:15:56 | web.components.timeframe_screen | ERROR    | render:46 | Kline fetch failed for 15m: module 'ccxt' has no attribute 'huobipro'
2026-01-29 15:16:03 | core.exchange.huobi_executor | INFO     | toggle_live:133 | Live trading DISABLED
2026-01-29 15:16:03 | core.exchange.huobi_executor | INFO     | toggle_live:133 | Live trading DISABLED
2026-01-29 15:16:03 | web.components.timeframe_screen | ERROR    | render:46 | Kline fetch failed for 1m: module 'ccxt' has no attribute 'huobipro'
2026-01-29 15:16:04 | web.components.timeframe_screen | ERROR    | render:46 | Kline fetch failed for 15m: module 'ccxt' has no attribute 'huobipro'
2026-01-29 15:16:04 | web.components.timeframe_screen | ERROR    | render:46 | Kline fetch failed for 15m: module 'ccxt' has no attribute 'huobipro'
2026-01-29 15:16:04 | web.components.timeframe_screen | ERROR    | render:46 | Kline fetch failed for 15m: module 'ccxt' has no attribute 'huobipro'
2026-01-29 15:16:04 | web.components.timeframe_screen | ERROR    | render:46 | Kline fetch failed for 15m: module 'ccxt' has no attribute 'huobipro'
2026-01-29 15:16:04 | web.components.timeframe_screen | ERROR    | render:46 | Kline fetch failed for 15m: module 'ccxt' has no attribute 'huobipro'
2026-01-29 15:16:15 | core.exchange.huobi_executor | INFO     | toggle_live:133 | Live trading DISABLED
2026-01-29 15:16:15 | web.components.timeframe_screen | ERROR    | render:46 | Kline fetch failed for 1m: module 'ccxt' has no attribute 'huobipro'
2026-01-29 15:16:16 | core.exchange.huobi_executor | INFO     | toggle_live:133 | Live trading DISABLED
2026-01-29 15:16:16 | web.components.timeframe_screen | ERROR    | render:46 | Kline fetch failed for 1m: module 'ccxt' has no attribute 'huobipro'
2026-01-29 15:16:16 | web.components.timeframe_screen | ERROR    | render:46 | Kline fetch failed for 3m: module 'ccxt' has no attribute 'huobipro'
2026-01-29 15:16:16 | web.components.timeframe_screen | ERROR    | render:46 | Kline fetch failed for 15m: module 'ccxt' has no attribute 'huobipro'
2026-01-29 15:16:16 | web.components.timeframe_screen | ERROR    | render:46 | Kline fetch failed for 15m: module 'ccxt' has no attribute 'huobipro'
2026-01-29 15:16:17 | web.components.timeframe_screen | ERROR    | render:46 | Kline fetch failed for 15m: module 'ccxt' has no attribute 'huobipro'
2026-01-29 15:16:17 | web.components.timeframe_screen | ERROR    | render:46 | Kline fetch failed for 15m: module 'ccxt' has no attribute 'huobipro'
2026-01-29 15:16:18 | core.exchange.huobi_executor | INFO     | toggle_live:133 | Live trading DISABLED
2026-01-29 15:16:18 | web.components.timeframe_screen | ERROR    | render:46 | Kline fetch failed for 1m: module 'ccxt' has no attribute 'huobipro'
2026-01-29 15:16:19 | web.components.timeframe_screen | ERROR    | render:46 | Kline fetch failed for 3m: module 'ccxt' has no attribute 'huobipro'
2026-01-29 15:16:19 | core.exchange.huobi_executor | INFO     | toggle_live:133 | Live trading DISABLED
2026-01-29 15:16:19 | web.components.timeframe_screen | ERROR    | render:46 | Kline fetch failed for 1m: module 'ccxt' has no attribute 'huobipro'
2026-01-29 15:16:19 | web.components.timeframe_screen | ERROR    | render:46 | Kline fetch failed for 3m: module 'ccxt' has no attribute 'huobipro'
2026-01-29 15:16:19 | web.components.timeframe_screen | ERROR    | render:46 | Kline fetch failed for 5m: module 'ccxt' has no attribute 'huobipro'
2026-01-29 15:16:19 | web.components.timeframe_screen | ERROR    | render:46 | Kline fetch failed for 15m: module 'ccxt' has no attribute 'huobipro'
2026-01-29 15:16:20 | web.components.timeframe_screen | ERROR    | render:46 | Kline fetch failed for 15m: module 'ccxt' has no attribute 'huobipro'
2026-01-29 15:16:20 | web.components.timeframe_screen | ERROR    | render:46 | Kline fetch failed for 15m: module 'ccxt' has no attribute 'huobipro'
2026-01-29 15:16:25 | core.exchange.huobi_executor | INFO     | toggle_live:133 | Live trading DISABLED
2026-01-29 15:16:25 | web.components.timeframe_screen | ERROR    | render:46 | Kline fetch failed for 1m: module 'ccxt' has no attribute 'huobipro'
2026-01-29 15:16:25 | web.components.timeframe_screen | ERROR    | render:46 | Kline fetch failed for 3m: module 'ccxt' has no attribute 'huobipro'
2026-01-29 15:16:26 | web.components.timeframe_screen | ERROR    | render:46 | Kline fetch failed for 5m: module 'ccxt' has no attribute 'huobipro'
2026-01-29 15:16:26 | web.components.timeframe_screen | ERROR    | render:46 | Kline fetch failed for 15m: module 'ccxt' has no attribute 'huobipro'
2026-01-29 15:16:26 | core.exchange.huobi_executor | INFO     | toggle_live:133 | Live trading DISABLED
2026-01-29 15:16:26 | web.components.timeframe_screen | ERROR    | render:46 | Kline fetch failed for 1m: module 'ccxt' has no attribute 'huobipro'
2026-01-29 15:16:26 | web.components.timeframe_screen | ERROR    | render:46 | Kline fetch failed for 3m: module 'ccxt' has no attribute 'huobipro'
2026-01-29 15:16:27 | web.components.timeframe_screen | ERROR    | render:46 | Kline fetch failed for 5m: module 'ccxt' has no attribute 'huobipro'
2026-01-29 15:16:27 | web.components.timeframe_screen | ERROR    | render:46 | Kline fetch failed for 15m: module 'ccxt' has no attribute 'huobipro'
2026-01-29 15:16:27 | web.components.timeframe_screen | ERROR    | render:46 | Kline fetch failed for 30m: module 'ccxt' has no attribute 'huobipro'
2026-01-29 15:16:27 | web.components.timeframe_screen | ERROR    | render:46 | Kline fetch failed for 15m: module 'ccxt' has no attribute 'huobipro'
2026-01-29 15:16:31 | core.exchange.huobi_executor | INFO     | toggle_live:133 | Live trading DISABLED
2026-01-29 15:16:31 | web.components.timeframe_screen | ERROR    | render:46 | Kline fetch failed for 1m: module 'ccxt' has no attribute 'huobipro'
2026-01-29 15:16:31 | web.components.timeframe_screen | ERROR    | render:46 | Kline fetch failed for 3m: module 'ccxt' has no attribute 'huobipro'
2026-01-29 15:16:31 | web.components.timeframe_screen | ERROR    | render:46 | Kline fetch failed for 5m: module 'ccxt' has no attribute 'huobipro'
2026-01-29 15:16:31 | web.components.timeframe_screen | ERROR    | render:46 | Kline fetch failed for 15m: module 'ccxt' has no attribute 'huobipro'
2026-01-29 15:16:31 | web.components.timeframe_screen | ERROR    | render:46 | Kline fetch failed for 30m: module 'ccxt' has no attribute 'huobipro'
2026-01-29 15:16:32 | core.exchange.huobi_executor | INFO     | toggle_live:133 | Live trading DISABLED
2026-01-29 15:16:32 | web.components.timeframe_screen | ERROR    | render:46 | Kline fetch failed for 1m: module 'ccxt' has no attribute 'huobipro'
2026-01-29 15:16:32 | web.components.timeframe_screen | ERROR    | render:46 | Kline fetch failed for 3m: module 'ccxt' has no attribute 'huobipro'
2026-01-29 15:16:32 | web.components.timeframe_screen | ERROR    | render:46 | Kline fetch failed for 5m: module 'ccxt' has no attribute 'huobipro'
2026-01-29 15:16:33 | web.components.timeframe_screen | ERROR    | render:46 | Kline fetch failed for 15m: module 'ccxt' has no attribute 'huobipro'
2026-01-29 15:16:33 | web.components.timeframe_screen | ERROR    | render:46 | Kline fetch failed for 30m: module 'ccxt' has no attribute 'huobipro'
2026-01-29 15:16:33 | web.components.timeframe_screen | ERROR    | render:46 | Kline fetch failed for 1h: module 'ccxt' has no attribute 'huobipro'
2026-01-29 15:16:37 | web.components.timeframe_screen | ERROR    | render:46 | Kline fetch failed for 1m: module 'ccxt' has no attribute 'huobipro'
2026-01-29 15:16:37 | web.components.timeframe_screen | ERROR    | render:46 | Kline fetch failed for 3m: module 'ccxt' has no attribute 'huobipro'
2026-01-29 15:16:37 | web.components.timeframe_screen | ERROR    | render:46 | Kline fetch failed for 5m: module 'ccxt' has no attribute 'huobipro'
2026-01-29 15:16:37 | web.components.timeframe_screen | ERROR    | render:46 | Kline fetch failed for 15m: module 'ccxt' has no attribute 'huobipro'
2026-01-29 15:16:38 | web.components.timeframe_screen | ERROR    | render:46 | Kline fetch failed for 30m: module 'ccxt' has no attribute 'huobipro'
2026-01-29 15:16:38 | web.components.timeframe_screen | ERROR    | render:46 | Kline fetch failed for 1h: module 'ccxt' has no attribute 'huobipro'
2026-01-29 15:17:05 | core.exchange.huobi_executor | INFO     | toggle_live:133 | Live trading DISABLED
2026-01-29 15:17:05 | web.components.timeframe_screen | ERROR    | render:46 | Kline fetch failed for 1m: module 'ccxt' has no attribute 'huobipro'
2026-01-29 15:17:05 | web.components.timeframe_screen | ERROR    | render:46 | Kline fetch failed for 3m: module 'ccxt' has no attribute 'huobipro'
2026-01-29 15:17:05 | web.components.timeframe_screen | ERROR    | render:46 | Kline fetch failed for 5m: module 'ccxt' has no attribute 'huobipro'
2026-01-29 15:17:05 | web.components.timeframe_screen | ERROR    | render:46 | Kline fetch failed for 15m: module 'ccxt' has no attribute 'huobipro'
2026-01-29 15:17:05 | web.components.timeframe_screen | ERROR    | render:46 | Kline fetch failed for 30m: module 'ccxt' has no attribute 'huobipro'
2026-01-29 15:17:06 | web.components.timeframe_screen | ERROR    | render:46 | Kline fetch failed for 1h: module 'ccxt' has no attribute 'huobipro'
2026-01-29 15:46:48 | web.components.timeframe_screen | ERROR    | render:46 | Kline fetch failed for 1m: module 'ccxt' has no attribute 'huobipro'
2026-01-29 15:46:48 | web.components.timeframe_screen | ERROR    | render:46 | Kline fetch failed for 3m: module 'ccxt' has no attribute 'huobipro'
2026-01-29 15:46:48 | web.components.timeframe_screen | ERROR    | render:46 | Kline fetch failed for 5m: module 'ccxt' has no attribute 'huobipro'
2026-01-29 15:46:48 | web.components.timeframe_screen | ERROR    | render:46 | Kline fetch failed for 15m: module 'ccxt' has no attribute 'huobipro'
2026-01-29 15:46:48 | web.components.timeframe_screen | ERROR    | render:46 | Kline fetch failed for 30m: module 'ccxt' has no attribute 'huobipro'
2026-01-29 15:46:49 | web.components.timeframe_screen | ERROR    | render:46 | Kline fetch failed for 1h: module 'ccxt' has no attribute 'huobipro'
2026-01-29 16:28:21 | core.exchange.huobi_executor | INFO     | toggle_live:133 | Live trading DISABLED
2026-01-29 16:28:44 | core.exchange.huobi_executor | INFO     | toggle_live:133 | Live trading DISABLED
2026-01-29 16:29:36 | PAFER.MAIN | INFO     | run_optimizer:68 | ⏳ Phase 1: Bayesian Optimization (30 iterations)...
2026-01-29 16:29:36 | utils.optimization | ERROR    | run_bayesian_opt:94 | ❌ bayesian-optimization not installed. Run: pip install bayesian-optimization==1.4.3
2026-01-29 16:29:36 | PAFER.MAIN | INFO     | run_optimizer:71 | ⏳ Phase 2: Genetic Algorithm (20 generations)...
2026-01-29 16:29:36 | utils.optimization | ERROR    | run_genetic_opt:125 | ❌ deap not installed. Run: pip install deap==1.4.1
2026-01-29 16:29:36 | PAFER.MAIN | WARNING  | run_optimizer:88 | ⚠️  No valid config found during optimization.
2026-01-29 16:29:36 | PAFER.MAIN | INFO     | run_optimizer:95 | ✅ Optimizer shutdown complete.
2026-01-29 16:30:30 | core.exchange.huobi_executor | INFO     | toggle_live:133 | Live trading DISABLED
2026-01-29 16:38:07 | core.exchange.huobi_executor | INFO     | toggle_live:133 | Live trading DISABLED
2026-01-29 16:38:44 | core.exchange.huobi_executor | INFO     | toggle_live:133 | Live trading DISABLED
2026-01-29 16:46:17 | web.components.timeframe_screen | ERROR    | render:46 | Kline fetch failed for 15m: module 'ccxt' has no attribute 'huobipro'
2026-01-29 16:46:33 | web.components.timeframe_screen | ERROR    | render:46 | Kline fetch failed for 15m: module 'ccxt' has no attribute 'huobipro'
2026-01-29 16:46:33 | web.components.timeframe_screen | ERROR    | render:46 | Kline fetch failed for 15m: module 'ccxt' has no attribute 'huobipro'
2026-01-29 16:46:44 | web.components.timeframe_screen | ERROR    | render:46 | Kline fetch failed for 15m: module 'ccxt' has no attribute 'huobipro'
2026-01-29 16:46:44 | web.components.timeframe_screen | ERROR    | render:46 | Kline fetch failed for 15m: module 'ccxt' has no attribute 'huobipro'
2026-01-29 16:46:45 | web.components.timeframe_screen | ERROR    | render:46 | Kline fetch failed for 15m: module 'ccxt' has no attribute 'huobipro'
2026-01-29 16:46:45 | web.components.timeframe_screen | ERROR    | render:46 | Kline fetch failed for 15m: module 'ccxt' has no attribute 'huobipro'
2026-01-29 16:46:47 | web.components.timeframe_screen | ERROR    | render:46 | Kline fetch failed for 15m: module 'ccxt' has no attribute 'huobipro'
2026-01-29 16:46:47 | web.components.timeframe_screen | ERROR    | render:46 | Kline fetch failed for 15m: module 'ccxt' has no attribute 'huobipro'
2026-01-29 16:46:48 | web.components.timeframe_screen | ERROR    | render:46 | Kline fetch failed for 15m: module 'ccxt' has no attribute 'huobipro'
2026-01-29 16:46:48 | web.components.timeframe_screen | ERROR    | render:46 | Kline fetch failed for 15m: module 'ccxt' has no attribute 'huobipro'
2026-01-29 16:46:58 | web.components.timeframe_screen | ERROR    | render:46 | Kline fetch failed for 15m: module 'ccxt' has no attribute 'huobipro'
2026-01-29 16:46:58 | web.components.timeframe_screen | ERROR    | render:46 | Kline fetch failed for 15m: module 'ccxt' has no attribute 'huobipro'
2026-01-29 16:47:05 | web.components.timeframe_screen | ERROR    | render:46 | Kline fetch failed for 15m: module 'ccxt' has no attribute 'huobipro'
2026-01-29 16:47:06 | web.components.timeframe_screen | ERROR    | render:46 | Kline fetch failed for 15m: module 'ccxt' has no attribute 'huobipro'
2026-01-29 16:47:07 | web.components.timeframe_screen | ERROR    | render:46 | Kline fetch failed for 15m: module 'ccxt' has no attribute 'huobipro'
2026-01-29 16:47:07 | web.components.timeframe_screen | ERROR    | render:46 | Kline fetch failed for 15m: module 'ccxt' has no attribute 'huobipro'
2026-01-29 16:50:00 | core.exchange.huobi_executor | INFO     | toggle_live:133 | Live trading DISABLED
2026-01-29 16:50:00 | __main__ | WARNING  | main:114 | Kline fetch failed: module 'ccxt' has no attribute 'huobipro'. Using simulation.
2026-01-29 16:50:00 | __main__ | INFO     | main:133 | PAFER Signal: {'action': 'hold', 'reason': 'No valid PAFER signal'}
2026-01-29 16:50:27 | core.exchange.huobi_executor | INFO     | toggle_live:133 | Live trading DISABLED
2026-01-29 16:50:27 | __main__ | WARNING  | main:114 | Kline fetch failed: module 'ccxt' has no attribute 'huobipro'. Using simulation.
2026-01-29 16:50:27 | __main__ | INFO     | main:133 | PAFER Signal: {'action': 'sell', 'reason': 'PAFER Bearish Resonance(0/4)+Momentum+Timely', 'confidence': np.float64(0.65), 'stop_loss': np.float64(3261.3973709044085), 'take_profit': np.float64(3231.0928327886563), 'leverage': 20}
2026-01-29 16:50:28 | core.exchange.huobi_executor | INFO     | toggle_live:133 | Live trading DISABLED
2026-01-29 16:50:28 | __main__ | WARNING  | main:114 | Kline fetch failed: module 'ccxt' has no attribute 'huobipro'. Using simulation.
2026-01-29 16:50:28 | __main__ | INFO     | main:133 | PAFER Signal: None
2026-01-29 16:50:29 | core.exchange.huobi_executor | INFO     | toggle_live:133 | Live trading DISABLED
2026-01-29 16:50:29 | __main__ | WARNING  | main:114 | Kline fetch failed: module 'ccxt' has no attribute 'huobipro'. Using simulation.
2026-01-29 16:50:29 | __main__ | INFO     | main:133 | PAFER Signal: None
2026-01-29 16:50:31 | core.exchange.huobi_executor | INFO     | toggle_live:133 | Live trading DISABLED
2026-01-29 16:50:31 | __main__ | WARNING  | main:114 | Kline fetch failed: module 'ccxt' has no attribute 'huobipro'. Using simulation.
2026-01-29 16:50:31 | __main__ | INFO     | main:133 | PAFER Signal: None
2026-01-29 16:50:32 | core.exchange.huobi_executor | INFO     | toggle_live:133 | Live trading DISABLED
2026-01-29 16:50:32 | __main__ | WARNING  | main:114 | Kline fetch failed: module 'ccxt' has no attribute 'huobipro'. Using simulation.
2026-01-29 16:50:32 | __main__ | INFO     | main:133 | PAFER Signal: None
2026-01-29 16:50:33 | core.exchange.huobi_executor | INFO     | toggle_live:133 | Live trading DISABLED
2026-01-29 16:50:33 | __main__ | WARNING  | main:114 | Kline fetch failed: module 'ccxt' has no attribute 'huobipro'. Using simulation.
2026-01-29 16:50:33 | __main__ | INFO     | main:133 | PAFER Signal: None
2026-01-29 16:50:47 | core.exchange.huobi_executor | INFO     | toggle_live:133 | Live trading ENABLED
2026-01-29 16:50:47 | __main__ | WARNING  | main:114 | Kline fetch failed: module 'ccxt' has no attribute 'huobipro'. Using simulation.
2026-01-29 16:50:47 | __main__ | INFO     | main:133 | PAFER Signal: None
2026-01-29 16:50:48 | core.exchange.huobi_executor | INFO     | toggle_live:133 | Live trading DISABLED
2026-01-29 16:50:48 | __main__ | WARNING  | main:114 | Kline fetch failed: module 'ccxt' has no attribute 'huobipro'. Using simulation.
2026-01-29 16:50:48 | __main__ | INFO     | main:133 | PAFER Signal: None
2026-01-29 16:50:49 | core.exchange.huobi_executor | INFO     | toggle_live:133 | Live trading ENABLED
2026-01-29 16:50:49 | __main__ | WARNING  | main:114 | Kline fetch failed: module 'ccxt' has no attribute 'huobipro'. Using simulation.
2026-01-29 16:50:49 | __main__ | INFO     | main:133 | PAFER Signal: None
2026-01-29 16:50:52 | core.exchange.huobi_executor | INFO     | toggle_live:133 | Live trading ENABLED
2026-01-29 16:50:52 | core.exchange.huobi_executor | INFO     | toggle_live:133 | Live trading DISABLED
2026-01-29 16:50:52 | __main__ | WARNING  | main:114 | Kline fetch failed: module 'ccxt' has no attribute 'huobipro'. Using simulation.
2026-01-29 16:50:52 | __main__ | INFO     | main:133 | PAFER Signal: None
2026-01-29 16:53:14 | core.exchange.huobi_executor | INFO     | toggle_live:133 | Live trading DISABLED
2026-01-29 16:53:14 | __main__ | WARNING  | _render_live_page:119 | Kline fetch failed: module 'ccxt' has no attribute 'huobipro'. Using simulation.
2026-01-29 16:53:20 | core.exchange.huobi_executor | INFO     | toggle_live:133 | Live trading DISABLED
2026-01-29 16:53:20 | __main__ | WARNING  | _render_live_page:119 | Kline fetch failed: module 'ccxt' has no attribute 'huobipro'. Using simulation.
2026-01-29 16:56:19 | core.exchange.huobi_executor | INFO     | toggle_live:133 | Live trading DISABLED
2026-01-29 16:56:19 | __main__ | WARNING  | _render_live_page:119 | Kline fetch failed: module 'ccxt' has no attribute 'huobipro'. Using simulation.
2026-01-29 17:02:19 | core.exchange.realtime_engine | INFO     | connect:35 | ✅ WebSocket connected to Huobi public feed
2026-01-29 17:02:19 | core.exchange.realtime_engine | WARNING  | poll_loop:125 | DB poll error: 'DBManager' object has no attribute '_get_connection'
2026-01-29 17:02:20 | core.exchange.huobi_executor | INFO     | toggle_live:133 | Live trading DISABLED
2026-01-29 17:02:24 | core.exchange.realtime_engine | WARNING  | poll_loop:125 | DB poll error: 'DBManager' object has no attribute '_get_connection'
2026-01-29 17:02:29 | core.exchange.realtime_engine | WARNING  | poll_loop:125 | DB poll error: 'DBManager' object has no attribute '_get_connection'
2026-01-29 17:02:34 | core.exchange.realtime_engine | WARNING  | poll_loop:125 | DB poll error: 'DBManager' object has no attribute '_get_connection'
2026-01-29 17:02:36 | core.exchange.huobi_executor | INFO     | toggle_live:133 | Live trading DISABLED
2026-01-29 17:02:39 | core.exchange.realtime_engine | WARNING  | poll_loop:125 | DB poll error: 'DBManager' object has no attribute '_get_connection'
2026-01-29 17:02:40 | core.exchange.realtime_engine | ERROR    | _on_error:83 | WebSocket error: [WinError 10060] 由于连接方在一段时间后没有正确答复或连接的主机没有反应，连接尝试失败。
2026-01-29 17:02:40 | core.exchange.realtime_engine | WARNING  | _on_close:87 | WebSocket closed
2026-01-29 17:02:44 | core.exchange.realtime_engine | WARNING  | poll_loop:125 | DB poll error: 'DBManager' object has no attribute '_get_connection'
2026-01-29 17:02:49 | core.exchange.realtime_engine | WARNING  | poll_loop:125 | DB poll error: 'DBManager' object has no attribute '_get_connection'
2026-01-29 17:02:54 | core.exchange.realtime_engine | WARNING  | poll_loop:125 | DB poll error: 'DBManager' object has no attribute '_get_connection'
2026-01-29 17:02:59 | core.exchange.realtime_engine | WARNING  | poll_loop:125 | DB poll error: 'DBManager' object has no attribute '_get_connection'
2026-01-29 17:03:04 | core.exchange.realtime_engine | WARNING  | poll_loop:125 | DB poll error: 'DBManager' object has no attribute '_get_connection'
2026-01-29 17:03:09 | core.exchange.realtime_engine | WARNING  | poll_loop:125 | DB poll error: 'DBManager' object has no attribute '_get_connection'
2026-01-29 17:04:06 | core.exchange.huobi_executor | INFO     | toggle_live:133 | Live trading DISABLED
2026-01-29 17:04:06 | __main__ | WARNING  | _render_live_page:125 | Kline fetch failed: name 'get_kline_fetcher' is not defined. Using simulation.
2026-01-29 17:04:31 | core.exchange.huobi_executor | INFO     | toggle_live:133 | Live trading DISABLED
2026-01-29 17:04:31 | __main__ | WARNING  | _render_live_page:125 | Kline fetch failed: name 'get_kline_fetcher' is not defined. Using simulation.
2026-01-29 17:05:54 | core.exchange.huobi_executor | INFO     | toggle_live:133 | Live trading DISABLED
2026-01-29 17:05:54 | __main__ | WARNING  | _render_live_page:125 | Kline fetch failed: name 'get_kline_fetcher' is not defined. Using simulation.
2026-01-29 17:06:00 | core.exchange.huobi_executor | INFO     | toggle_live:133 | Live trading DISABLED
2026-01-29 17:06:00 | __main__ | WARNING  | _render_live_page:125 | Kline fetch failed: name 'get_kline_fetcher' is not defined. Using simulation.
2026-01-29 17:23:30 | core.exchange.huobi_executor | INFO     | toggle_live:193 | Live trading DISABLED
2026-01-29 17:23:30 | __main__ | WARNING  | _render_live_page:125 | Kline fetch failed: name 'get_kline_fetcher' is not defined. Using simulation.
2026-01-29 17:25:02 | core.exchange.huobi_executor | INFO     | toggle_live:193 | Live trading DISABLED
2026-01-29 17:25:02 | __main__ | WARNING  | _render_live_page:125 | Kline fetch failed: name 'get_kline_fetcher' is not defined. Using simulation.
2026-01-29 17:25:15 | core.exchange.huobi_executor | INFO     | toggle_live:193 | Live trading DISABLED
2026-01-29 17:25:15 | __main__ | WARNING  | _render_live_page:125 | Kline fetch failed: name 'get_kline_fetcher' is not defined. Using simulation.
2026-01-29 17:27:48 | core.exchange.huobi_executor | INFO     | toggle_live:193 | Live trading DISABLED
2026-01-29 17:27:48 | __main__ | WARNING  | _render_live_page:125 | Kline fetch failed: name 'get_kline_fetcher' is not defined. Using simulation.
2026-01-29 17:27:53 | core.exchange.huobi_executor | INFO     | toggle_live:193 | Live trading DISABLED
2026-01-29 17:27:53 | __main__ | WARNING  | _render_live_page:125 | Kline fetch failed: name 'get_kline_fetcher' is not defined. Using simulation.
2026-01-29 17:30:12 | core.exchange.huobi_executor | INFO     | toggle_live:193 | Live trading DISABLED
2026-01-29 17:30:12 | __main__ | WARNING  | _render_live_page:125 | Kline fetch failed: name 'get_kline_fetcher' is not defined. Using simulation.
2026-01-29 17:37:04 | core.exchange.huobi_executor | INFO     | toggle_live:193 | Live trading DISABLED
2026-01-29 17:37:04 | __main__ | WARNING  | _render_live_page:125 | Kline fetch failed: name 'get_kline_fetcher' is not defined. Using simulation.
2026-01-29 17:38:04 | core.exchange.realtime_engine | INFO     | connect:35 | ✅ WebSocket connected to Huobi public feed
2026-01-29 17:38:04 | core.exchange.realtime_engine | WARNING  | poll_loop:125 | DB poll error: 'DBManager' object has no attribute '_get_connection'
2026-01-29 17:38:04 | core.exchange.realtime_engine | ERROR    | _on_error:83 | WebSocket error: [Errno 11001] getaddrinfo failed
2026-01-29 17:38:04 | core.exchange.realtime_engine | WARNING  | _on_close:87 | WebSocket closed
2026-01-29 17:38:04 | core.exchange.huobi_executor | INFO     | toggle_live:193 | Live trading DISABLED
2026-01-29 17:38:04 | web.dashboard | WARNING  | _render_live_page:92 | Kline fetch failed: module 'ccxt' has no attribute 'huobipro'. Using simulation.
2026-01-29 17:38:42 | core.exchange.realtime_engine | INFO     | connect:35 | ✅ WebSocket connected to Huobi public feed
2026-01-29 17:38:42 | core.exchange.realtime_engine | WARNING  | poll_loop:125 | DB poll error: 'DBManager' object has no attribute '_get_connection'
2026-01-29 17:38:42 | core.exchange.realtime_engine | ERROR    | _on_error:83 | WebSocket error: [Errno 11001] getaddrinfo failed
2026-01-29 17:38:42 | core.exchange.realtime_engine | WARNING  | _on_close:87 | WebSocket closed
2026-01-29 17:38:42 | core.exchange.huobi_executor | INFO     | toggle_live:193 | Live trading DISABLED
2026-01-29 17:38:42 | __main__ | WARNING  | _render_live_page:92 | Kline fetch failed: module 'ccxt' has no attribute 'huobipro'. Using simulation.
2026-01-29 17:38:47 | core.exchange.realtime_engine | WARNING  | poll_loop:125 | DB poll error: 'DBManager' object has no attribute '_get_connection'
2026-01-29 17:38:50 | core.exchange.huobi_executor | INFO     | toggle_live:193 | Live trading DISABLED
2026-01-29 17:38:50 | __main__ | WARNING  | _render_live_page:92 | Kline fetch failed: module 'ccxt' has no attribute 'huobipro'. Using simulation.
2026-01-29 17:38:52 | core.exchange.realtime_engine | WARNING  | poll_loop:125 | DB poll error: 'DBManager' object has no attribute '_get_connection'
2026-01-29 17:38:57 | core.exchange.realtime_engine | WARNING  | poll_loop:125 | DB poll error: 'DBManager' object has no attribute '_get_connection'
2026-01-29 17:39:02 | core.exchange.realtime_engine | WARNING  | poll_loop:125 | DB poll error: 'DBManager' object has no attribute '_get_connection'
2026-01-29 17:39:04 | core.exchange.huobi_executor | INFO     | toggle_live:193 | Live trading DISABLED
2026-01-29 17:39:04 | __main__ | WARNING  | _render_live_page:92 | Kline fetch failed: module 'ccxt' has no attribute 'huobipro'. Using simulation.
2026-01-29 17:39:07 | core.exchange.realtime_engine | WARNING  | poll_loop:125 | DB poll error: 'DBManager' object has no attribute '_get_connection'
2026-01-29 17:39:12 | core.exchange.realtime_engine | WARNING  | poll_loop:125 | DB poll error: 'DBManager' object has no attribute '_get_connection'
2026-01-29 17:39:17 | core.exchange.realtime_engine | WARNING  | poll_loop:125 | DB poll error: 'DBManager' object has no attribute '_get_connection'
2026-01-29 17:39:22 | core.exchange.realtime_engine | WARNING  | poll_loop:125 | DB poll error: 'DBManager' object has no attribute '_get_connection'
2026-01-29 17:39:27 | core.exchange.realtime_engine | WARNING  | poll_loop:125 | DB poll error: 'DBManager' object has no attribute '_get_connection'
2026-01-29 17:39:32 | core.exchange.realtime_engine | WARNING  | poll_loop:125 | DB poll error: 'DBManager' object has no attribute '_get_connection'
2026-01-29 17:39:37 | core.exchange.realtime_engine | WARNING  | poll_loop:125 | DB poll error: 'DBManager' object has no attribute '_get_connection'
2026-01-29 17:39:42 | core.exchange.realtime_engine | WARNING  | poll_loop:125 | DB poll error: 'DBManager' object has no attribute '_get_connection'
2026-01-29 17:39:47 | core.exchange.realtime_engine | WARNING  | poll_loop:125 | DB poll error: 'DBManager' object has no attribute '_get_connection'
2026-01-29 17:39:52 | core.exchange.realtime_engine | WARNING  | poll_loop:125 | DB poll error: 'DBManager' object has no attribute '_get_connection'
2026-01-29 17:39:57 | core.exchange.realtime_engine | WARNING  | poll_loop:125 | DB poll error: 'DBManager' object has no attribute '_get_connection'
2026-01-29 17:40:45 | core.database.db_manager | INFO     | init_db:78 | ✅ Database initialized at data/pafar_trades.db
2026-01-29 17:40:45 | core.exchange.realtime_engine | INFO     | connect:35 | ✅ WebSocket connected to Huobi public feed
2026-01-29 17:40:45 | core.database.db_manager | INFO     | init_db:78 | ✅ Database initialized at data/pafar_trades.db
2026-01-29 17:40:46 | core.exchange.huobi_executor | INFO     | toggle_live:193 | Live trading DISABLED
2026-01-29 17:40:46 | __main__ | WARNING  | _render_live_page:92 | Kline fetch failed: module 'ccxt' has no attribute 'huobipro'. Using simulation.
2026-01-29 17:41:05 | core.exchange.huobi_executor | INFO     | toggle_live:193 | Live trading DISABLED
2026-01-29 17:41:05 | __main__ | WARNING  | _render_live_page:92 | Kline fetch failed: module 'ccxt' has no attribute 'huobipro'. Using simulation.
2026-01-29 17:41:07 | core.exchange.realtime_engine | ERROR    | _on_error:83 | WebSocket error: [WinError 10060] 由于连接方在一段时间后没有正确答复或连接的主机没有反应，连接尝试失败。
2026-01-29 17:41:07 | core.exchange.realtime_engine | WARNING  | _on_close:87 | WebSocket closed
2026-01-29 17:41:11 | core.exchange.huobi_executor | INFO     | toggle_live:193 | Live trading DISABLED
2026-01-29 17:41:11 | __main__ | WARNING  | _render_live_page:92 | Kline fetch failed: module 'ccxt' has no attribute 'huobipro'. Using simulation.
2026-01-29 17:41:12 | core.exchange.huobi_executor | INFO     | toggle_live:193 | Live trading DISABLED
2026-01-29 17:41:12 | __main__ | WARNING  | _render_live_page:92 | Kline fetch failed: module 'ccxt' has no attribute 'huobipro'. Using simulation.
2026-01-29 17:41:39 | core.exchange.huobi_executor | INFO     | toggle_live:193 | Live trading DISABLED
2026-01-29 17:41:39 | __main__ | WARNING  | _render_live_page:92 | Kline fetch failed: module 'ccxt' has no attribute 'huobipro'. Using simulation.
2026-01-29 17:43:26 | core.exchange.huobi_executor | INFO     | toggle_live:193 | Live trading DISABLED
2026-01-29 17:43:26 | __main__ | WARNING  | _render_live_page:92 | Kline fetch failed: module 'ccxt' has no attribute 'huobipro'. Using simulation.
2026-01-29 17:50:38 | core.database.db_manager | INFO     | init_db:78 | ✅ Database initialized at data/pafar_trades.db
2026-01-29 17:50:39 | core.exchange.huobi_executor | INFO     | toggle_live:193 | Live trading DISABLED
2026-01-29 17:50:53 | core.exchange.huobi_executor | INFO     | toggle_live:193 | Live trading DISABLED
2026-01-29 17:53:41 | core.database.db_manager | INFO     | init_db:78 | ✅ Database initialized at data/pafar_trades.db
2026-01-29 17:53:41 | core.exchange.huobi_executor | INFO     | toggle_live:193 | Live trading DISABLED
2026-01-29 17:53:46 | core.exchange.huobi_executor | INFO     | toggle_live:193 | Live trading DISABLED
2026-01-29 17:58:06 | core.database.db_manager | INFO     | init_db:78 | ✅ Database initialized at data/pafar_trades.db
2026-01-29 17:58:06 | core.exchange.huobi_executor | INFO     | toggle_live:193 | Live trading DISABLED
2026-01-29 17:58:06 | web.components.timeframe_screen | ERROR    | render:46 | Kline fetch failed for 15m: module 'ccxt' has no attribute 'huobipro'
2026-01-29 17:58:21 | core.exchange.huobi_executor | INFO     | toggle_live:193 | Live trading DISABLED
2026-01-29 17:58:21 | web.components.timeframe_screen | ERROR    | render:46 | Kline fetch failed for 15m: module 'ccxt' has no attribute 'huobipro'
2026-01-29 17:58:33 | core.exchange.huobi_executor | INFO     | toggle_live:193 | Live trading DISABLED
2026-01-29 17:58:33 | web.components.timeframe_screen | ERROR    | render:46 | Kline fetch failed for 15m: module 'ccxt' has no attribute 'huobipro'
2026-01-29 17:59:03 | core.exchange.huobi_executor | INFO     | toggle_live:193 | Live trading DISABLED
2026-01-29 17:59:03 | web.components.timeframe_screen | ERROR    | render:46 | Kline fetch failed for 15m: module 'ccxt' has no attribute 'huobipro'
2026-01-29 17:59:16 | core.exchange.huobi_executor | INFO     | toggle_live:193 | Live trading DISABLED
2026-01-29 17:59:16 | core.exchange.huobi_executor | INFO     | toggle_live:193 | Live trading DISABLED
2026-01-29 17:59:16 | web.components.timeframe_screen | ERROR    | render:46 | Kline fetch failed for 15m: module 'ccxt' has no attribute 'huobipro'
2026-01-29 17:59:16 | web.components.timeframe_screen | ERROR    | render:46 | Kline fetch failed for 15m: module 'ccxt' has no attribute 'huobipro'
2026-01-29 17:59:17 | core.exchange.huobi_executor | INFO     | toggle_live:193 | Live trading DISABLED
2026-01-29 17:59:17 | core.exchange.huobi_executor | INFO     | toggle_live:193 | Live trading DISABLED
2026-01-29 17:59:17 | web.components.timeframe_screen | ERROR    | render:46 | Kline fetch failed for 15m: module 'ccxt' has no attribute 'huobipro'
2026-01-29 17:59:17 | web.components.timeframe_screen | ERROR    | render:46 | Kline fetch failed for 15m: module 'ccxt' has no attribute 'huobipro'
2026-01-29 17:59:17 | web.components.timeframe_screen | ERROR    | render:46 | Kline fetch failed for 15m: module 'ccxt' has no attribute 'huobipro'
2026-01-29 17:59:48 | core.exchange.huobi_executor | INFO     | toggle_live:193 | Live trading DISABLED
2026-01-29 17:59:48 | web.components.timeframe_screen | ERROR    | render:46 | Kline fetch failed for 15m: module 'ccxt' has no attribute 'huobipro'
2026-01-29 17:59:48 | web.components.timeframe_screen | ERROR    | render:46 | Kline fetch failed for 15m: module 'ccxt' has no attribute 'huobipro'
2026-01-29 17:59:48 | web.components.timeframe_screen | ERROR    | render:46 | Kline fetch failed for 15m: module 'ccxt' has no attribute 'huobipro'
2026-01-29 18:00:18 | core.exchange.huobi_executor | INFO     | toggle_live:193 | Live trading DISABLED
2026-01-29 18:00:18 | web.components.timeframe_screen | ERROR    | render:46 | Kline fetch failed for 15m: module 'ccxt' has no attribute 'huobipro'
2026-01-29 18:00:18 | web.components.timeframe_screen | ERROR    | render:46 | Kline fetch failed for 15m: module 'ccxt' has no attribute 'huobipro'
2026-01-29 18:00:18 | web.components.timeframe_screen | ERROR    | render:46 | Kline fetch failed for 15m: module 'ccxt' has no attribute 'huobipro'
2026-01-29 18:01:02 | core.exchange.huobi_executor | INFO     | toggle_live:193 | Live trading DISABLED
2026-01-29 18:01:02 | web.components.timeframe_screen | ERROR    | render:46 | Kline fetch failed for 15m: module 'ccxt' has no attribute 'huobipro'
2026-01-29 18:01:02 | web.components.timeframe_screen | ERROR    | render:46 | Kline fetch failed for 15m: module 'ccxt' has no attribute 'huobipro'
2026-01-29 18:01:02 | web.components.timeframe_screen | ERROR    | render:46 | Kline fetch failed for 15m: module 'ccxt' has no attribute 'huobipro'
2026-01-29 18:01:10 | core.exchange.huobi_executor | INFO     | toggle_live:193 | Live trading ENABLED
2026-01-29 18:01:10 | web.components.timeframe_screen | ERROR    | render:46 | Kline fetch failed for 15m: module 'ccxt' has no attribute 'huobipro'
2026-01-29 18:01:10 | web.components.timeframe_screen | ERROR    | render:46 | Kline fetch failed for 15m: module 'ccxt' has no attribute 'huobipro'
2026-01-29 18:01:10 | web.components.timeframe_screen | ERROR    | render:46 | Kline fetch failed for 15m: module 'ccxt' has no attribute 'huobipro'
2026-01-29 18:01:11 | core.exchange.huobi_executor | INFO     | toggle_live:193 | Live trading DISABLED
2026-01-29 18:01:11 | web.components.timeframe_screen | ERROR    | render:46 | Kline fetch failed for 15m: module 'ccxt' has no attribute 'huobipro'
2026-01-29 18:01:11 | web.components.timeframe_screen | ERROR    | render:46 | Kline fetch failed for 15m: module 'ccxt' has no attribute 'huobipro'
2026-01-29 18:01:11 | web.components.timeframe_screen | ERROR    | render:46 | Kline fetch failed for 15m: module 'ccxt' has no attribute 'huobipro'
2026-01-29 18:01:41 | core.exchange.huobi_executor | INFO     | toggle_live:193 | Live trading DISABLED
2026-01-29 18:01:41 | web.components.timeframe_screen | ERROR    | render:46 | Kline fetch failed for 15m: module 'ccxt' has no attribute 'huobipro'
2026-01-29 18:01:42 | web.components.timeframe_screen | ERROR    | render:46 | Kline fetch failed for 15m: module 'ccxt' has no attribute 'huobipro'
2026-01-29 18:01:42 | web.components.timeframe_screen | ERROR    | render:46 | Kline fetch failed for 15m: module 'ccxt' has no attribute 'huobipro'
2026-01-29 18:03:26 | core.database.db_manager | INFO     | init_db:78 | ✅ Database initialized at data/pafar_trades.db
2026-01-29 18:03:26 | core.database.db_manager | INFO     | init_db:78 | ✅ Database initialized at data/pafar_trades.db
2026-01-29 18:03:26 | core.exchange.huobi_executor | INFO     | toggle_live:193 | Live trading DISABLED
2026-01-29 18:03:26 | web.components.timeframe_screen | ERROR    | render:46 | Kline fetch failed for 15m: module 'ccxt' has no attribute 'huobipro'
2026-01-29 18:03:42 | core.exchange.huobi_executor | INFO     | toggle_live:193 | Live trading DISABLED
2026-01-29 18:03:42 | web.components.timeframe_screen | ERROR    | render:46 | Kline fetch failed for 15m: module 'ccxt' has no attribute 'huobipro'
2026-01-29 18:03:44 | core.exchange.huobi_executor | INFO     | toggle_live:193 | Live trading DISABLED
2026-01-29 18:03:45 | core.exchange.huobi_executor | INFO     | toggle_live:193 | Live trading DISABLED
2026-01-29 18:03:45 | web.components.timeframe_screen | ERROR    | render:46 | Kline fetch failed for 15m: module 'ccxt' has no attribute 'huobipro'
2026-01-29 18:03:45 | web.components.timeframe_screen | ERROR    | render:46 | Kline fetch failed for 15m: module 'ccxt' has no attribute 'huobipro'
2026-01-29 18:03:51 | core.exchange.huobi_executor | INFO     | toggle_live:193 | Live trading DISABLED
2026-01-29 18:03:52 | core.exchange.huobi_executor | INFO     | toggle_live:193 | Live trading DISABLED
2026-01-29 18:03:52 | web.components.timeframe_screen | ERROR    | render:46 | Kline fetch failed for 15m: module 'ccxt' has no attribute 'huobipro'
2026-01-29 18:03:52 | web.components.timeframe_screen | ERROR    | render:46 | Kline fetch failed for 15m: module 'ccxt' has no attribute 'huobipro'
2026-01-29 18:03:52 | web.components.timeframe_screen | ERROR    | render:46 | Kline fetch failed for 15m: module 'ccxt' has no attribute 'huobipro'
2026-01-29 18:03:54 | core.exchange.huobi_executor | INFO     | toggle_live:193 | Live trading DISABLED
2026-01-29 18:03:54 | web.components.timeframe_screen | ERROR    | render:46 | Kline fetch failed for 15m: module 'ccxt' has no attribute 'huobipro'
2026-01-29 18:03:54 | web.components.timeframe_screen | ERROR    | render:46 | Kline fetch failed for 15m: module 'ccxt' has no attribute 'huobipro'
2026-01-29 18:03:55 | web.components.timeframe_screen | ERROR    | render:46 | Kline fetch failed for 15m: module 'ccxt' has no attribute 'huobipro'
2026-01-29 18:03:56 | core.exchange.huobi_executor | INFO     | toggle_live:193 | Live trading DISABLED
2026-01-29 18:03:56 | web.components.timeframe_screen | ERROR    | render:46 | Kline fetch failed for 15m: module 'ccxt' has no attribute 'huobipro'
2026-01-29 18:03:56 | web.components.timeframe_screen | ERROR    | render:46 | Kline fetch failed for 15m: module 'ccxt' has no attribute 'huobipro'
2026-01-29 18:03:56 | web.components.timeframe_screen | ERROR    | render:46 | Kline fetch failed for 15m: module 'ccxt' has no attribute 'huobipro'
2026-01-29 18:03:56 | core.exchange.huobi_executor | INFO     | toggle_live:193 | Live trading DISABLED
2026-01-29 18:03:56 | web.components.timeframe_screen | ERROR    | render:46 | Kline fetch failed for 15m: module 'ccxt' has no attribute 'huobipro'
2026-01-29 18:03:57 | web.components.timeframe_screen | ERROR    | render:46 | Kline fetch failed for 15m: module 'ccxt' has no attribute 'huobipro'
2026-01-29 18:03:57 | core.exchange.huobi_executor | INFO     | toggle_live:193 | Live trading DISABLED
2026-01-29 18:03:57 | web.components.timeframe_screen | ERROR    | render:46 | Kline fetch failed for 15m: module 'ccxt' has no attribute 'huobipro'
2026-01-29 18:03:57 | web.components.timeframe_screen | ERROR    | render:46 | Kline fetch failed for 15m: module 'ccxt' has no attribute 'huobipro'
2026-01-29 18:03:57 | web.components.timeframe_screen | ERROR    | render:46 | Kline fetch failed for 15m: module 'ccxt' has no attribute 'huobipro'
2026-01-29 18:03:58 | core.exchange.huobi_executor | INFO     | toggle_live:193 | Live trading DISABLED
2026-01-29 18:03:58 | web.components.timeframe_screen | ERROR    | render:46 | Kline fetch failed for 15m: module 'ccxt' has no attribute 'huobipro'
2026-01-29 18:03:58 | web.components.timeframe_screen | ERROR    | render:46 | Kline fetch failed for 15m: module 'ccxt' has no attribute 'huobipro'
2026-01-29 18:03:58 | web.components.timeframe_screen | ERROR    | render:46 | Kline fetch failed for 15m: module 'ccxt' has no attribute 'huobipro'
2026-01-29 18:04:00 | core.exchange.huobi_executor | INFO     | toggle_live:193 | Live trading DISABLED
2026-01-29 18:04:00 | web.components.timeframe_screen | ERROR    | render:46 | Kline fetch failed for 15m: module 'ccxt' has no attribute 'huobipro'
2026-01-29 18:04:00 | web.components.timeframe_screen | ERROR    | render:46 | Kline fetch failed for 15m: module 'ccxt' has no attribute 'huobipro'
2026-01-29 18:04:00 | web.components.timeframe_screen | ERROR    | render:46 | Kline fetch failed for 15m: module 'ccxt' has no attribute 'huobipro'
2026-01-29 18:04:01 | core.exchange.huobi_executor | INFO     | toggle_live:193 | Live trading DISABLED
2026-01-29 18:04:01 | web.components.timeframe_screen | ERROR    | render:46 | Kline fetch failed for 15m: module 'ccxt' has no attribute 'huobipro'
2026-01-29 18:04:01 | web.components.timeframe_screen | ERROR    | render:46 | Kline fetch failed for 15m: module 'ccxt' has no attribute 'huobipro'
2026-01-29 18:04:01 | web.components.timeframe_screen | ERROR    | render:46 | Kline fetch failed for 15m: module 'ccxt' has no attribute 'huobipro'
2026-01-29 18:04:02 | core.exchange.huobi_executor | INFO     | toggle_live:193 | Live trading DISABLED
2026-01-29 18:04:02 | web.components.timeframe_screen | ERROR    | render:46 | Kline fetch failed for 15m: module 'ccxt' has no attribute 'huobipro'
2026-01-29 18:04:02 | web.components.timeframe_screen | ERROR    | render:46 | Kline fetch failed for 15m: module 'ccxt' has no attribute 'huobipro'
2026-01-29 18:04:02 | web.components.timeframe_screen | ERROR    | render:46 | Kline fetch failed for 15m: module 'ccxt' has no attribute 'huobipro'
2026-01-29 18:04:03 | core.exchange.huobi_executor | INFO     | toggle_live:193 | Live trading DISABLED
2026-01-29 18:04:03 | web.components.timeframe_screen | ERROR    | render:46 | Kline fetch failed for 15m: module 'ccxt' has no attribute 'huobipro'
2026-01-29 18:04:03 | web.components.timeframe_screen | ERROR    | render:46 | Kline fetch failed for 15m: module 'ccxt' has no attribute 'huobipro'
2026-01-29 18:04:03 | web.components.timeframe_screen | ERROR    | render:46 | Kline fetch failed for 15m: module 'ccxt' has no attribute 'huobipro'
2026-01-29 18:04:20 | core.exchange.huobi_executor | INFO     | toggle_live:193 | Live trading DISABLED
2026-01-29 18:04:20 | web.components.timeframe_screen | ERROR    | render:46 | Kline fetch failed for 15m: module 'ccxt' has no attribute 'huobipro'
2026-01-29 18:04:20 | web.components.timeframe_screen | ERROR    | render:46 | Kline fetch failed for 15m: module 'ccxt' has no attribute 'huobipro'
2026-01-29 18:04:21 | core.exchange.huobi_executor | INFO     | toggle_live:193 | Live trading DISABLED
2026-01-29 18:04:21 | web.components.timeframe_screen | ERROR    | render:46 | Kline fetch failed for 15m: module 'ccxt' has no attribute 'huobipro'
2026-01-29 18:04:21 | core.exchange.huobi_executor | INFO     | toggle_live:193 | Live trading DISABLED
2026-01-29 18:04:21 | web.components.timeframe_screen | ERROR    | render:46 | Kline fetch failed for 15m: module 'ccxt' has no attribute 'huobipro'
2026-01-29 18:04:21 | web.components.timeframe_screen | ERROR    | render:46 | Kline fetch failed for 15m: module 'ccxt' has no attribute 'huobipro'
2026-01-29 18:04:21 | web.components.timeframe_screen | ERROR    | render:46 | Kline fetch failed for 15m: module 'ccxt' has no attribute 'huobipro'
2026-01-29 18:04:23 | core.exchange.huobi_executor | INFO     | toggle_live:193 | Live trading DISABLED
2026-01-29 18:04:23 | web.components.timeframe_screen | ERROR    | render:46 | Kline fetch failed for 15m: module 'ccxt' has no attribute 'huobipro'
2026-01-29 18:04:23 | web.components.timeframe_screen | ERROR    | render:46 | Kline fetch failed for 15m: module 'ccxt' has no attribute 'huobipro'
2026-01-29 18:04:23 | web.components.timeframe_screen | ERROR    | render:46 | Kline fetch failed for 15m: module 'ccxt' has no attribute 'huobipro'
2026-01-29 18:04:23 | core.exchange.huobi_executor | INFO     | toggle_live:193 | Live trading DISABLED
2026-01-29 18:04:23 | web.components.timeframe_screen | ERROR    | render:46 | Kline fetch failed for 15m: module 'ccxt' has no attribute 'huobipro'
2026-01-29 18:04:23 | web.components.timeframe_screen | ERROR    | render:46 | Kline fetch failed for 15m: module 'ccxt' has no attribute 'huobipro'
2026-01-29 18:04:24 | web.components.timeframe_screen | ERROR    | render:46 | Kline fetch failed for 15m: module 'ccxt' has no attribute 'huobipro'
2026-01-29 18:04:52 | core.exchange.huobi_executor | INFO     | toggle_live:193 | Live trading DISABLED
2026-01-29 18:04:52 | web.components.timeframe_screen | ERROR    | render:46 | Kline fetch failed for 15m: module 'ccxt' has no attribute 'huobipro'
2026-01-29 18:04:52 | web.components.timeframe_screen | ERROR    | render:46 | Kline fetch failed for 15m: module 'ccxt' has no attribute 'huobipro'
2026-01-29 18:04:52 | web.components.timeframe_screen | ERROR    | render:46 | Kline fetch failed for 15m: module 'ccxt' has no attribute 'huobipro'
2026-01-29 18:04:53 | core.exchange.huobi_executor | INFO     | toggle_live:193 | Live trading DISABLED
2026-01-29 18:04:53 | web.components.timeframe_screen | ERROR    | render:46 | Kline fetch failed for 15m: module 'ccxt' has no attribute 'huobipro'
2026-01-29 18:04:53 | web.components.timeframe_screen | ERROR    | render:46 | Kline fetch failed for 15m: module 'ccxt' has no attribute 'huobipro'
2026-01-29 18:04:53 | web.components.timeframe_screen | ERROR    | render:46 | Kline fetch failed for 15m: module 'ccxt' has no attribute 'huobipro'
2026-01-29 18:04:57 | core.database.db_manager | INFO     | init_db:78 | ✅ Database initialized at data/pafar_trades.db
2026-01-29 18:04:57 | core.exchange.huobi_executor | INFO     | toggle_live:193 | Live trading DISABLED
2026-01-29 18:04:57 | web.components.timeframe_screen | ERROR    | render:46 | Kline fetch failed for 15m: module 'ccxt' has no attribute 'huobipro'
2026-01-29 18:05:45 | core.exchange.huobi_executor | INFO     | toggle_live:193 | Live trading DISABLED
2026-01-29 18:05:45 | web.components.timeframe_screen | ERROR    | render:46 | Kline fetch failed for 15m: module 'ccxt' has no attribute 'huobipro'
2026-01-29 18:05:45 | core.exchange.huobi_executor | INFO     | toggle_live:193 | Live trading DISABLED
2026-01-29 18:05:45 | web.components.timeframe_screen | ERROR    | render:46 | Kline fetch failed for 15m: module 'ccxt' has no attribute 'huobipro'
2026-01-29 18:09:11 | core.database.db_manager | INFO     | init_db:78 | ✅ Database initialized at data/pafar_trades.db
2026-01-29 18:09:12 | core.exchange.huobi_executor | INFO     | toggle_live:193 | Live trading DISABLED
2026-01-29 18:09:12 | __main__ | WARNING  | get_kline_data:137 | Kline fetch failed: module 'ccxt' has no attribute 'huobipro'. Using simulation.
2026-01-29 18:09:37 | core.exchange.huobi_executor | INFO     | toggle_live:193 | Live trading DISABLED
2026-01-29 18:09:58 | core.exchange.huobi_executor | INFO     | toggle_live:193 | Live trading DISABLED
2026-01-29 18:10:00 | core.exchange.huobi_executor | INFO     | toggle_live:193 | Live trading DISABLED
2026-01-29 18:10:04 | core.exchange.huobi_executor | INFO     | toggle_live:193 | Live trading DISABLED
